<?xml version="1.0" encoding="UTF-8"?>
<testsuite xmlns:xsi="http://www.w3.org/2001/XMLSchema-instance" xsi:noNamespaceSchemaLocation="https://maven.apache.org/surefire/maven-surefire-plugin/xsd/surefire-test-report.xsd" name="RomanNumeralTest" time="0.757" tests="3" errors="0" skipped="0" failures="0">
  <properties>
    <property name="java.specification.version" value="19"/>
    <property name="sun.jnu.encoding" value="UTF-8"/>
    <property name="java.class.path" value="/home/elecoant/Code/VV/VV-ISTIC-TP4/code/roman-numerals/target/test-classes:/home/elecoant/Code/VV/VV-ISTIC-TP4/code/roman-numerals/target/classes:/home/elecoant/.m2/repository/net/jqwik/jqwik/1.3.10/jqwik-1.3.10.jar:/home/elecoant/.m2/repository/org/apiguardian/apiguardian-api/1.1.0/apiguardian-api-1.1.0.jar:/home/elecoant/.m2/repository/net/jqwik/jqwik-api/1.3.10/jqwik-api-1.3.10.jar:/home/elecoant/.m2/repository/org/opentest4j/opentest4j/1.2.0/opentest4j-1.2.0.jar:/home/elecoant/.m2/repository/org/junit/platform/junit-platform-commons/1.7.0/junit-platform-commons-1.7.0.jar:/home/elecoant/.m2/repository/net/jqwik/jqwik-engine/1.3.10/jqwik-engine-1.3.10.jar:/home/elecoant/.m2/repository/org/junit/platform/junit-platform-engine/1.7.0/junit-platform-engine-1.7.0.jar:"/>
    <property name="java.vm.vendor" value="Private Build"/>
    <property name="sun.arch.data.model" value="64"/>
    <property name="java.vendor.url" value="Unknown"/>
    <property name="user.timezone" value="Europe/Paris"/>
    <property name="os.name" value="Linux"/>
    <property name="java.vm.specification.version" value="19"/>
    <property name="sun.java.launcher" value="SUN_STANDARD"/>
    <property name="user.country" value="US"/>
    <property name="sun.boot.library.path" value="/usr/lib/jvm/java-19-openjdk-amd64/lib"/>
    <property name="sun.java.command" value="/home/elecoant/Code/VV/VV-ISTIC-TP4/code/roman-numerals/target/surefire/surefirebooter15988929037696794026.jar /home/elecoant/Code/VV/VV-ISTIC-TP4/code/roman-numerals/target/surefire 2023-12-13T21-02-24_614-jvmRun1 surefire6127144662295498010tmp surefire_012273885377860670689tmp"/>
    <property name="jdk.debug" value="release"/>
    <property name="surefire.test.class.path" value="/home/elecoant/Code/VV/VV-ISTIC-TP4/code/roman-numerals/target/test-classes:/home/elecoant/Code/VV/VV-ISTIC-TP4/code/roman-numerals/target/classes:/home/elecoant/.m2/repository/net/jqwik/jqwik/1.3.10/jqwik-1.3.10.jar:/home/elecoant/.m2/repository/org/apiguardian/apiguardian-api/1.1.0/apiguardian-api-1.1.0.jar:/home/elecoant/.m2/repository/net/jqwik/jqwik-api/1.3.10/jqwik-api-1.3.10.jar:/home/elecoant/.m2/repository/org/opentest4j/opentest4j/1.2.0/opentest4j-1.2.0.jar:/home/elecoant/.m2/repository/org/junit/platform/junit-platform-commons/1.7.0/junit-platform-commons-1.7.0.jar:/home/elecoant/.m2/repository/net/jqwik/jqwik-engine/1.3.10/jqwik-engine-1.3.10.jar:/home/elecoant/.m2/repository/org/junit/platform/junit-platform-engine/1.7.0/junit-platform-engine-1.7.0.jar:"/>
    <property name="sun.cpu.endian" value="little"/>
    <property name="user.home" value="/home/elecoant"/>
    <property name="user.language" value="en"/>
    <property name="java.specification.vendor" value="Oracle Corporation"/>
    <property name="java.version.date" value="2023-01-17"/>
    <property name="java.home" value="/usr/lib/jvm/java-19-openjdk-amd64"/>
    <property name="file.separator" value="/"/>
    <property name="basedir" value="/home/elecoant/Code/VV/VV-ISTIC-TP4/code/roman-numerals"/>
    <property name="java.vm.compressedOopsMode" value="32-bit"/>
    <property name="line.separator" value="&#10;"/>
    <property name="java.specification.name" value="Java Platform API Specification"/>
    <property name="java.vm.specification.vendor" value="Oracle Corporation"/>
    <property name="surefire.real.class.path" value="/home/elecoant/Code/VV/VV-ISTIC-TP4/code/roman-numerals/target/surefire/surefirebooter15988929037696794026.jar"/>
    <property name="sun.management.compiler" value="HotSpot 64-Bit Tiered Compilers"/>
    <property name="java.runtime.version" value="19.0.2+7-Ubuntu-0ubuntu322.04"/>
    <property name="user.name" value="elecoant"/>
    <property name="stdout.encoding" value="UTF-8"/>
    <property name="path.separator" value=":"/>
    <property name="os.version" value="6.2.0-37-generic"/>
    <property name="java.runtime.name" value="OpenJDK Runtime Environment"/>
    <property name="file.encoding" value="UTF-8"/>
    <property name="java.vm.name" value="OpenJDK 64-Bit Server VM"/>
    <property name="localRepository" value="/home/elecoant/.m2/repository"/>
    <property name="java.vendor.url.bug" value="Unknown"/>
    <property name="java.io.tmpdir" value="/tmp"/>
    <property name="java.version" value="19.0.2"/>
    <property name="user.dir" value="/home/elecoant/Code/VV/VV-ISTIC-TP4/code/roman-numerals"/>
    <property name="os.arch" value="amd64"/>
    <property name="java.vm.specification.name" value="Java Virtual Machine Specification"/>
    <property name="native.encoding" value="UTF-8"/>
    <property name="java.library.path" value="/usr/java/packages/lib:/usr/lib/x86_64-linux-gnu/jni:/lib/x86_64-linux-gnu:/usr/lib/x86_64-linux-gnu:/usr/lib/jni:/lib:/usr/lib"/>
    <property name="java.vm.info" value="mixed mode, sharing"/>
    <property name="stderr.encoding" value="UTF-8"/>
    <property name="java.vendor" value="Private Build"/>
    <property name="java.vm.version" value="19.0.2+7-Ubuntu-0ubuntu322.04"/>
    <property name="sun.io.unicode.encoding" value="UnicodeLittle"/>
    <property name="java.class.version" value="63.0"/>
  </properties>
  <testcase name="isConversionReversible" classname="fr.istic.vv.RomanNumeralTest" time="0.387"/>
  <testcase name="isStringValid" classname="fr.istic.vv.RomanNumeralTest" time="0.236"/>
  <testcase name="generatedNumbersAreValid" classname="fr.istic.vv.RomanNumeralTest" time="0.128"/>
</testsuite>